(13292, 40, 40, 40)
(13292,)
RetNet(
  (conv1): Sequential(
    (0): Conv3d(1, 12, kernel_size=(3, 3, 3), stride=(1, 1, 1), padding=(1, 1, 1), bias=False, padding_mode=circular)
    (1): BatchNorm3d(12, eps=1e-05, momentum=0.1, affine=True, track_running_stats=True)
    (2): LeakyReLU(negative_slope=0.01)
  )
  (conv2): Sequential(
    (0): Conv3d(12, 24, kernel_size=(3, 3, 3), stride=(1, 1, 1), padding=(1, 1, 1), bias=False, padding_mode=circular)
    (1): BatchNorm3d(24, eps=1e-05, momentum=0.1, affine=True, track_running_stats=True)
    (2): LeakyReLU(negative_slope=0.01)
  )
  (adjust_channels): Conv3d(12, 24, kernel_size=(1, 1, 1), stride=(1, 1, 1), bias=False, padding_mode=circular)
  (max1): MaxPool3d(kernel_size=2, stride=2, padding=0, dilation=1, ceil_mode=False)
  (conv3): Sequential(
    (0): Conv3d(24, 32, kernel_size=(3, 3, 3), stride=(1, 1, 1), padding=(1, 1, 1), bias=False, padding_mode=circular)
    (1): BatchNorm3d(32, eps=1e-05, momentum=0.1, affine=True, track_running_stats=True)
    (2): LeakyReLU(negative_slope=0.01)
  )
  (max2): MaxPool3d(kernel_size=2, stride=2, padding=0, dilation=1, ceil_mode=False)
  (conv4): Sequential(
    (0): Conv3d(32, 64, kernel_size=(3, 3, 3), stride=(1, 1, 1), padding=(1, 1, 1), bias=False, padding_mode=circular)
    (1): BatchNorm3d(64, eps=1e-05, momentum=0.1, affine=True, track_running_stats=True)
    (2): LeakyReLU(negative_slope=0.01)
  )
  (conv5): Sequential(
    (0): Conv3d(64, 120, kernel_size=(3, 3, 3), stride=(1, 1, 1), padding=(1, 1, 1), bias=False, padding_mode=circular)
    (1): BatchNorm3d(120, eps=1e-05, momentum=0.1, affine=True, track_running_stats=True)
    (2): LeakyReLU(negative_slope=0.01)
  )
  (fc1): Sequential(
    (0): Flatten(start_dim=1, end_dim=-1)
    (1): Dropout(p=0.3, inplace=False)
    (2): Linear(in_features=1, out_features=1176, bias=True)
    (3): BatchNorm1d(1176, eps=1e-05, momentum=0.1, affine=True, track_running_stats=True)
    (4): LeakyReLU(negative_slope=0.01)
  )
  (fc2): Sequential(
    (0): Linear(in_features=1176, out_features=84, bias=True)
    (1): BatchNorm1d(84, eps=1e-05, momentum=0.1, affine=True, track_running_stats=True)
    (2): LeakyReLU(negative_slope=0.01)
    (3): Linear(in_features=84, out_features=20, bias=True)
    (4): BatchNorm1d(20, eps=1e-05, momentum=0.1, affine=True, track_running_stats=True)
    (5): LeakyReLU(negative_slope=0.01)
    (6): Linear(in_features=20, out_features=1, bias=True)
  )
)

Epoch: 0
Iteration 15         ->    train_metric = 0.019          val_metric = 0.058
Iteration 30         ->    train_metric = 0.089          val_metric = 0.088
Iteration 45         ->    train_metric = 0.050          val_metric = 0.075
Iteration 60         ->    train_metric = 0.004          val_metric = 0.056
Iteration 75         ->    train_metric = 0.180          val_metric = 0.171
Iteration 90         ->    train_metric = 0.123          val_metric = 0.151
Iteration 105        ->    train_metric = 0.085          val_metric = 0.077
Iteration 120        ->    train_metric = 0.212          val_metric = 0.211
Iteration 135        ->    train_metric = 0.169          val_metric = 0.211
Iteration 150        ->    train_metric = 0.187          val_metric = 0.202
Iteration 165        ->    train_metric = 0.182          val_metric = 0.183
Iteration 180        ->    train_metric = 0.201          val_metric = 0.206
Iteration 195        ->    train_metric = 0.263          val_metric = 0.254

Epoch: 1
Iteration 210        ->    train_metric = 0.258          val_metric = 0.266
Iteration 225        ->    train_metric = 0.246          val_metric = 0.239
Iteration 240        ->    train_metric = 0.258          val_metric = 0.265
Iteration 255        ->    train_metric = 0.254          val_metric = 0.279
Iteration 270        ->    train_metric = 0.327          val_metric = 0.327
Iteration 285        ->    train_metric = 0.363          val_metric = 0.382
Iteration 300        ->    train_metric = 0.390          val_metric = 0.370
Iteration 315        ->    train_metric = 0.352          val_metric = 0.350
Iteration 330        ->    train_metric = 0.438          val_metric = 0.461
Iteration 345        ->    train_metric = 0.347          val_metric = 0.371
Iteration 360        ->    train_metric = 0.350          val_metric = 0.342
Iteration 375        ->    train_metric = 0.467          val_metric = 0.476
Iteration 390        ->    train_metric = 0.274          val_metric = 0.327
Iteration 405        ->    train_metric = 0.389          val_metric = 0.423

Epoch: 2
Iteration 420        ->    train_metric = 0.433          val_metric = 0.494
Iteration 435        ->    train_metric = 0.543          val_metric = 0.549
Iteration 450        ->    train_metric = 0.465          val_metric = 0.490
Iteration 465        ->    train_metric = 0.461          val_metric = 0.485
Iteration 480        ->    train_metric = 0.551          val_metric = 0.589
Iteration 495        ->    train_metric = 0.537          val_metric = 0.596
Iteration 510        ->    train_metric = 0.576          val_metric = 0.610
Iteration 525        ->    train_metric = 0.641          val_metric = 0.643
Iteration 540        ->    train_metric = 0.596          val_metric = 0.606
Iteration 555        ->    train_metric = 0.681          val_metric = 0.710
Iteration 570        ->    train_metric = 0.733          val_metric = 0.703
Iteration 585        ->    train_metric = 0.721          val_metric = 0.733
Iteration 600        ->    train_metric = 0.356          val_metric = 0.425
Iteration 615        ->    train_metric = 0.746          val_metric = 0.777

Epoch: 3
Iteration 630        ->    train_metric = 0.853          val_metric = 0.801
Iteration 645        ->    train_metric = 0.681          val_metric = 0.717
Iteration 660        ->    train_metric = 0.538          val_metric = 0.582
Iteration 675        ->    train_metric = 0.771          val_metric = 0.827
Iteration 690        ->    train_metric = 0.676          val_metric = 0.698
Iteration 705        ->    train_metric = 0.822          val_metric = 0.834
Iteration 720        ->    train_metric = 0.794          val_metric = 0.750
Iteration 735        ->    train_metric = 0.822          val_metric = 0.793
Iteration 750        ->    train_metric = 0.528          val_metric = 0.636
Iteration 765        ->    train_metric = 0.817          val_metric = 0.825
Iteration 780        ->    train_metric = 0.759          val_metric = 0.827
Iteration 795        ->    train_metric = 0.711          val_metric = 0.824
Iteration 810        ->    train_metric = 0.768          val_metric = 0.761
Iteration 825        ->    train_metric = 0.871          val_metric = 0.864

Epoch: 4
Iteration 840        ->    train_metric = 0.912          val_metric = 0.909
Iteration 855        ->    train_metric = 0.804          val_metric = 0.863
Iteration 870        ->    train_metric = 0.884          val_metric = 0.888
Iteration 885        ->    train_metric = 0.866          val_metric = 0.867
Iteration 900        ->    train_metric = 0.901          val_metric = 0.903
Iteration 915        ->    train_metric = 0.651          val_metric = 0.652
Iteration 930        ->    train_metric = 0.748          val_metric = 0.737
Iteration 945        ->    train_metric = 0.863          val_metric = 0.892
Iteration 960        ->    train_metric = 0.825          val_metric = 0.909
Iteration 975        ->    train_metric = 0.910          val_metric = 0.913
Iteration 990        ->    train_metric = 0.928          val_metric = 0.913
Iteration 1005       ->    train_metric = 0.888          val_metric = 0.893
Iteration 1020       ->    train_metric = 0.847          val_metric = 0.912
Iteration 1035       ->    train_metric = 0.868          val_metric = 0.906

Epoch: 5
Iteration 1050       ->    train_metric = 0.795          val_metric = 0.910
Iteration 1065       ->    train_metric = 0.883          val_metric = 0.908
Iteration 1080       ->    train_metric = 0.854          val_metric = 0.892
Iteration 1095       ->    train_metric = 0.752          val_metric = 0.902
Iteration 1110       ->    train_metric = 0.833          val_metric = 0.915
Iteration 1125       ->    train_metric = 0.923          val_metric = 0.924
Iteration 1140       ->    train_metric = 0.835          val_metric = 0.924
Iteration 1155       ->    train_metric = 0.906          val_metric = 0.916
Iteration 1170       ->    train_metric = 0.887          val_metric = 0.892
Iteration 1185       ->    train_metric = 0.921          val_metric = 0.896
Iteration 1200       ->    train_metric = 0.893          val_metric = 0.934
Iteration 1215       ->    train_metric = 0.888          val_metric = 0.879
Iteration 1230       ->    train_metric = 0.864          val_metric = 0.853
Iteration 1245       ->    train_metric = 0.823          val_metric = 0.915

Epoch: 6
Iteration 1260       ->    train_metric = 0.882          val_metric = 0.932
Iteration 1275       ->    train_metric = 0.911          val_metric = 0.925
Iteration 1290       ->    train_metric = 0.910          val_metric = 0.925
Iteration 1305       ->    train_metric = 0.903          val_metric = 0.907
Iteration 1320       ->    train_metric = 0.761          val_metric = 0.771
Iteration 1335       ->    train_metric = 0.941          val_metric = 0.919
Iteration 1350       ->    train_metric = 0.901          val_metric = 0.907
Iteration 1365       ->    train_metric = 0.809          val_metric = 0.836
Iteration 1380       ->    train_metric = 0.895          val_metric = 0.933
Iteration 1395       ->    train_metric = 0.863          val_metric = 0.878
Iteration 1410       ->    train_metric = 0.768          val_metric = 0.816
Iteration 1425       ->    train_metric = 0.862          val_metric = 0.920
Iteration 1440       ->    train_metric = 0.838          val_metric = 0.914
Iteration 1455       ->    train_metric = 0.849          val_metric = 0.913

Epoch: 7
Iteration 1470       ->    train_metric = 0.891          val_metric = 0.914
Iteration 1485       ->    train_metric = 0.628          val_metric = 0.750
Iteration 1500       ->    train_metric = 0.846          val_metric = 0.857
Iteration 1515       ->    train_metric = 0.928          val_metric = 0.918
Iteration 1530       ->    train_metric = 0.799          val_metric = 0.874
Iteration 1545       ->    train_metric = 0.752          val_metric = 0.860
Iteration 1560       ->    train_metric = 0.943          val_metric = 0.937
Iteration 1575       ->    train_metric = 0.923          val_metric = 0.900
Iteration 1590       ->    train_metric = 0.934          val_metric = 0.918
Iteration 1605       ->    train_metric = 0.830          val_metric = 0.869
Iteration 1620       ->    train_metric = 0.918          val_metric = 0.940
Iteration 1635       ->    train_metric = 0.874          val_metric = 0.888
Iteration 1650       ->    train_metric = 0.892          val_metric = 0.915

Epoch: 8
Iteration 1665       ->    train_metric = 0.787          val_metric = 0.835
Iteration 1680       ->    train_metric = 0.887          val_metric = 0.918
Iteration 1695       ->    train_metric = 0.937          val_metric = 0.932
Iteration 1710       ->    train_metric = 0.839          val_metric = 0.871
Iteration 1725       ->    train_metric = 0.876          val_metric = 0.928
Iteration 1740       ->    train_metric = 0.910          val_metric = 0.907
Iteration 1755       ->    train_metric = 0.895          val_metric = 0.931
Iteration 1770       ->    train_metric = 0.952          val_metric = 0.933
Iteration 1785       ->    train_metric = 0.946          val_metric = 0.922
Iteration 1800       ->    train_metric = 0.924          val_metric = 0.930
Iteration 1815       ->    train_metric = 0.915          val_metric = 0.933
Iteration 1830       ->    train_metric = 0.893          val_metric = 0.883
Iteration 1845       ->    train_metric = 0.939          val_metric = 0.919
Iteration 1860       ->    train_metric = 0.909          val_metric = 0.926

Epoch: 9
Iteration 1875       ->    train_metric = 0.914          val_metric = 0.913
Iteration 1890       ->    train_metric = 0.948          val_metric = 0.933
Iteration 1905       ->    train_metric = 0.929          val_metric = 0.927
Iteration 1920       ->    train_metric = 0.792          val_metric = 0.864
Iteration 1935       ->    train_metric = 0.929          val_metric = 0.930
Iteration 1950       ->    train_metric = 0.910          val_metric = 0.920
Iteration 1965       ->    train_metric = 0.902          val_metric = 0.906
Iteration 1980       ->    train_metric = 0.890          val_metric = 0.924
Iteration 1995       ->    train_metric = 0.913          val_metric = 0.935
Iteration 2010       ->    train_metric = 0.927          val_metric = 0.933
Iteration 2025       ->    train_metric = 0.880          val_metric = 0.905
Iteration 2040       ->    train_metric = 0.776          val_metric = 0.935
Iteration 2055       ->    train_metric = 0.907          val_metric = 0.916
Iteration 2070       ->    train_metric = 0.934          val_metric = 0.923

Epoch: 10
Iteration 2085       ->    train_metric = 0.888          val_metric = 0.920
Iteration 2100       ->    train_metric = 0.809          val_metric = 0.828
Iteration 2115       ->    train_metric = 0.828          val_metric = 0.898
Iteration 2130       ->    train_metric = 0.948          val_metric = 0.921
Iteration 2145       ->    train_metric = 0.950          val_metric = 0.925
Iteration 2160       ->    train_metric = 0.870          val_metric = 0.932
Iteration 2175       ->    train_metric = 0.876          val_metric = 0.900
Iteration 2190       ->    train_metric = 0.938          val_metric = 0.921
Iteration 2205       ->    train_metric = 0.937          val_metric = 0.927
Iteration 2220       ->    train_metric = 0.922          val_metric = 0.932
Iteration 2235       ->    train_metric = 0.835          val_metric = 0.914
Iteration 2250       ->    train_metric = 0.931          val_metric = 0.929
Iteration 2265       ->    train_metric = 0.925          val_metric = 0.926
Iteration 2280       ->    train_metric = 0.943          val_metric = 0.937

Epoch: 11
Iteration 2295       ->    train_metric = 0.884          val_metric = 0.892
Iteration 2310       ->    train_metric = 0.909          val_metric = 0.921
Iteration 2325       ->    train_metric = 0.915          val_metric = 0.904
Iteration 2340       ->    train_metric = 0.919          val_metric = 0.945
Iteration 2355       ->    train_metric = 0.866          val_metric = 0.906
Iteration 2370       ->    train_metric = 0.739          val_metric = 0.804
Iteration 2385       ->    train_metric = 0.917          val_metric = 0.914
Iteration 2400       ->    train_metric = 0.937          val_metric = 0.951
Iteration 2415       ->    train_metric = 0.922          val_metric = 0.935
Iteration 2430       ->    train_metric = 0.887          val_metric = 0.913
Iteration 2445       ->    train_metric = 0.940          val_metric = 0.929
Iteration 2460       ->    train_metric = 0.923          val_metric = 0.894
Iteration 2475       ->    train_metric = 0.819          val_metric = 0.926
Iteration 2490       ->    train_metric = 0.867          val_metric = 0.925

Epoch: 12
Iteration 2505       ->    train_metric = 0.936          val_metric = 0.930
Iteration 2520       ->    train_metric = 0.930          val_metric = 0.944
Iteration 2535       ->    train_metric = 0.897          val_metric = 0.947
Iteration 2550       ->    train_metric = 0.855          val_metric = 0.893
Iteration 2565       ->    train_metric = 0.838          val_metric = 0.865
Iteration 2580       ->    train_metric = 0.906          val_metric = 0.929
Iteration 2595       ->    train_metric = 0.861          val_metric = 0.870
Iteration 2610       ->    train_metric = 0.907          val_metric = 0.915
Iteration 2625       ->    train_metric = 0.902          val_metric = 0.926
Iteration 2640       ->    train_metric = 0.884          val_metric = 0.854
Iteration 2655       ->    train_metric = 0.611          val_metric = 0.729
Iteration 2670       ->    train_metric = 0.804          val_metric = 0.831
Iteration 2685       ->    train_metric = 0.955          val_metric = 0.933
Iteration 2700       ->    train_metric = 0.939          val_metric = 0.944

Epoch: 13
Iteration 2715       ->    train_metric = 0.757          val_metric = 0.782
Iteration 2730       ->    train_metric = 0.948          val_metric = 0.934
Iteration 2745       ->    train_metric = 0.792          val_metric = 0.859
Iteration 2760       ->    train_metric = 0.787          val_metric = 0.784
Iteration 2775       ->    train_metric = 0.882          val_metric = 0.870
Iteration 2790       ->    train_metric = 0.950          val_metric = 0.944
Iteration 2805       ->    train_metric = 0.941          val_metric = 0.923
Iteration 2820       ->    train_metric = 0.954          val_metric = 0.913
Iteration 2835       ->    train_metric = 0.928          val_metric = 0.909
Iteration 2850       ->    train_metric = 0.909          val_metric = 0.868
Iteration 2865       ->    train_metric = 0.883          val_metric = 0.918
Iteration 2880       ->    train_metric = 0.908          val_metric = 0.936
Iteration 2895       ->    train_metric = 0.958          val_metric = 0.936
Iteration 2910       ->    train_metric = 0.958          val_metric = 0.948

Epoch: 14
Iteration 2925       ->    train_metric = 0.545          val_metric = 0.688
Iteration 2940       ->    train_metric = 0.813          val_metric = 0.844
Iteration 2955       ->    train_metric = 0.882          val_metric = 0.869
Iteration 2970       ->    train_metric = 0.881          val_metric = 0.931
Iteration 2985       ->    train_metric = 0.879          val_metric = 0.891
Iteration 3000       ->    train_metric = 0.898          val_metric = 0.889
Iteration 3015       ->    train_metric = 0.911          val_metric = 0.923
Iteration 3030       ->    train_metric = 0.807          val_metric = 0.891
Iteration 3045       ->    train_metric = 0.788          val_metric = 0.791
Iteration 3060       ->    train_metric = 0.895          val_metric = 0.908
Iteration 3075       ->    train_metric = 0.944          val_metric = 0.943
Iteration 3090       ->    train_metric = 0.958          val_metric = 0.933
Iteration 3105       ->    train_metric = 0.920          val_metric = 0.915
Iteration 3120       ->    train_metric = 0.945          val_metric = 0.943

Epoch: 15
Iteration 3135       ->    train_metric = 0.931          val_metric = 0.931
Iteration 3150       ->    train_metric = 0.901          val_metric = 0.912
Iteration 3165       ->    train_metric = 0.916          val_metric = 0.926
Iteration 3180       ->    train_metric = 0.941          val_metric = 0.942
Iteration 3195       ->    train_metric = 0.943          val_metric = 0.923
Iteration 3210       ->    train_metric = 0.930          val_metric = 0.928
Iteration 3225       ->    train_metric = 0.889          val_metric = 0.911
Iteration 3240       ->    train_metric = 0.892          val_metric = 0.901
Iteration 3255       ->    train_metric = 0.914          val_metric = 0.933
Iteration 3270       ->    train_metric = 0.848          val_metric = 0.878
Iteration 3285       ->    train_metric = 0.922          val_metric = 0.913
Iteration 3300       ->    train_metric = 0.814          val_metric = 0.879
Iteration 3315       ->    train_metric = 0.887          val_metric = 0.939

Epoch: 16
Iteration 3330       ->    train_metric = 0.938          val_metric = 0.929
Iteration 3345       ->    train_metric = 0.932          val_metric = 0.934
Iteration 3360       ->    train_metric = 0.872          val_metric = 0.876
Iteration 3375       ->    train_metric = 0.921          val_metric = 0.940
Iteration 3390       ->    train_metric = 0.938          val_metric = 0.931
Iteration 3405       ->    train_metric = 0.942          val_metric = 0.901
Iteration 3420       ->    train_metric = 0.910          val_metric = 0.877
Iteration 3435       ->    train_metric = 0.817          val_metric = 0.921
Iteration 3450       ->    train_metric = 0.945          val_metric = 0.940
Iteration 3465       ->    train_metric = 0.951          val_metric = 0.938
Iteration 3480       ->    train_metric = 0.916          val_metric = 0.924
Iteration 3495       ->    train_metric = 0.941          val_metric = 0.940
Iteration 3510       ->    train_metric = 0.895          val_metric = 0.933
Iteration 3525       ->    train_metric = 0.907          val_metric = 0.929

Epoch: 17
Iteration 3540       ->    train_metric = 0.876          val_metric = 0.888
Iteration 3555       ->    train_metric = 0.784          val_metric = 0.752
Iteration 3570       ->    train_metric = 0.882          val_metric = 0.799
Iteration 3585       ->    train_metric = 0.922          val_metric = 0.917
Iteration 3600       ->    train_metric = 0.935          val_metric = 0.937
Iteration 3615       ->    train_metric = 0.959          val_metric = 0.948
Iteration 3630       ->    train_metric = 0.895          val_metric = 0.923
Iteration 3645       ->    train_metric = 0.961          val_metric = 0.923
Iteration 3660       ->    train_metric = 0.863          val_metric = 0.936
Iteration 3675       ->    train_metric = 0.892          val_metric = 0.857
Iteration 3690       ->    train_metric = 0.904          val_metric = 0.911
Iteration 3705       ->    train_metric = 0.878          val_metric = 0.874
Iteration 3720       ->    train_metric = 0.948          val_metric = 0.933
Iteration 3735       ->    train_metric = 0.965          val_metric = 0.937

Epoch: 18
Iteration 3750       ->    train_metric = 0.952          val_metric = 0.945
Iteration 3765       ->    train_metric = 0.956          val_metric = 0.923
Iteration 3780       ->    train_metric = 0.889          val_metric = 0.890
Iteration 3795       ->    train_metric = 0.907          val_metric = 0.896
Iteration 3810       ->    train_metric = 0.939          val_metric = 0.928
Iteration 3825       ->    train_metric = 0.940          val_metric = 0.924
Iteration 3840       ->    train_metric = 0.953          val_metric = 0.939
Iteration 3855       ->    train_metric = 0.920          val_metric = 0.943
Iteration 3870       ->    train_metric = 0.956          val_metric = 0.934
Iteration 3885       ->    train_metric = 0.948          val_metric = 0.929
Iteration 3900       ->    train_metric = 0.943          val_metric = 0.932
Iteration 3915       ->    train_metric = 0.935          val_metric = 0.945
Iteration 3930       ->    train_metric = 0.924          val_metric = 0.951
Iteration 3945       ->    train_metric = 0.959          val_metric = 0.936

Epoch: 19
Iteration 3960       ->    train_metric = 0.854          val_metric = 0.816
Iteration 3975       ->    train_metric = 0.939          val_metric = 0.940
Iteration 3990       ->    train_metric = 0.755          val_metric = 0.787
Iteration 4005       ->    train_metric = 0.977          val_metric = 0.932
Iteration 4020       ->    train_metric = 0.940          val_metric = 0.931
Iteration 4035       ->    train_metric = 0.965          val_metric = 0.934
Iteration 4050       ->    train_metric = 0.973          val_metric = 0.943
Iteration 4065       ->    train_metric = 0.954          val_metric = 0.922
Iteration 4080       ->    train_metric = 0.879          val_metric = 0.883
Iteration 4095       ->    train_metric = 0.886          val_metric = 0.894
Iteration 4110       ->    train_metric = 0.860          val_metric = 0.879
Iteration 4125       ->    train_metric = 0.923          val_metric = 0.914
Iteration 4140       ->    train_metric = 0.924          val_metric = 0.926
Iteration 4155       ->    train_metric = 0.962          val_metric = 0.938

Epoch: 20
Iteration 4170       ->    train_metric = 0.917          val_metric = 0.934
Iteration 4185       ->    train_metric = 0.956          val_metric = 0.939
Iteration 4200       ->    train_metric = 0.969          val_metric = 0.951
Iteration 4215       ->    train_metric = 0.936          val_metric = 0.933
Iteration 4230       ->    train_metric = 0.883          val_metric = 0.854
Iteration 4245       ->    train_metric = 0.962          val_metric = 0.933
Iteration 4260       ->    train_metric = 0.919          val_metric = 0.912
Iteration 4275       ->    train_metric = 0.852          val_metric = 0.915
Iteration 4290       ->    train_metric = 0.915          val_metric = 0.942
Iteration 4305       ->    train_metric = 0.923          val_metric = 0.923
Iteration 4320       ->    train_metric = 0.963          val_metric = 0.937
Iteration 4335       ->    train_metric = 0.736          val_metric = 0.832
Iteration 4350       ->    train_metric = 0.845          val_metric = 0.779
Iteration 4365       ->    train_metric = 0.781          val_metric = 0.817

Epoch: 21
Iteration 4380       ->    train_metric = 0.923          val_metric = 0.934
Iteration 4395       ->    train_metric = 0.928          val_metric = 0.937
Iteration 4410       ->    train_metric = 0.698          val_metric = 0.733
Iteration 4425       ->    train_metric = 0.941          val_metric = 0.901
Iteration 4440       ->    train_metric = 0.941          val_metric = 0.939
Iteration 4455       ->    train_metric = 0.876          val_metric = 0.931
Iteration 4470       ->    train_metric = 0.939          val_metric = 0.930
Iteration 4485       ->    train_metric = 0.966          val_metric = 0.932
Iteration 4500       ->    train_metric = 0.928          val_metric = 0.905
Iteration 4515       ->    train_metric = 0.909          val_metric = 0.904
Iteration 4530       ->    train_metric = 0.914          val_metric = 0.933
Iteration 4545       ->    train_metric = 0.944          val_metric = 0.931
Iteration 4560       ->    train_metric = 0.968          val_metric = 0.932
Iteration 4575       ->    train_metric = 0.907          val_metric = 0.892

Epoch: 22
Iteration 4590       ->    train_metric = 0.942          val_metric = 0.920
Iteration 4605       ->    train_metric = 0.786          val_metric = 0.898
Iteration 4620       ->    train_metric = 0.918          val_metric = 0.922
Iteration 4635       ->    train_metric = 0.919          val_metric = 0.894
Iteration 4650       ->    train_metric = 0.964          val_metric = 0.933
Iteration 4665       ->    train_metric = 0.873          val_metric = 0.907
Iteration 4680       ->    train_metric = 0.940          val_metric = 0.936
Iteration 4695       ->    train_metric = 0.922          val_metric = 0.942
Iteration 4710       ->    train_metric = 0.958          val_metric = 0.926
Iteration 4725       ->    train_metric = 0.936          val_metric = 0.936
Iteration 4740       ->    train_metric = 0.939          val_metric = 0.934
Iteration 4755       ->    train_metric = 0.872          val_metric = 0.933
Iteration 4770       ->    train_metric = 0.923          val_metric = 0.932

Epoch: 23
Iteration 4785       ->    train_metric = 0.963          val_metric = 0.919
Iteration 4800       ->    train_metric = 0.955          val_metric = 0.918
Iteration 4815       ->    train_metric = 0.949          val_metric = 0.926
Iteration 4830       ->    train_metric = 0.959          val_metric = 0.929
Iteration 4845       ->    train_metric = 0.905          val_metric = 0.926
Iteration 4860       ->    train_metric = 0.972          val_metric = 0.925
Iteration 4875       ->    train_metric = 0.934          val_metric = 0.923
Iteration 4890       ->    train_metric = 0.941          val_metric = 0.921
Iteration 4905       ->    train_metric = 0.830          val_metric = 0.890
Iteration 4920       ->    train_metric = 0.917          val_metric = 0.915
Iteration 4935       ->    train_metric = 0.842          val_metric = 0.888
Iteration 4950       ->    train_metric = 0.908          val_metric = 0.930
Iteration 4965       ->    train_metric = 0.815          val_metric = 0.892
Iteration 4980       ->    train_metric = 0.812          val_metric = 0.860

Epoch: 24
Iteration 4995       ->    train_metric = 0.912          val_metric = 0.892
Iteration 5010       ->    train_metric = 0.931          val_metric = 0.934
Iteration 5025       ->    train_metric = 0.959          val_metric = 0.925
Iteration 5040       ->    train_metric = 0.925          val_metric = 0.924
Iteration 5055       ->    train_metric = 0.960          val_metric = 0.943
Iteration 5070       ->    train_metric = 0.919          val_metric = 0.896
Iteration 5085       ->    train_metric = 0.937          val_metric = 0.912
Iteration 5100       ->    train_metric = 0.855          val_metric = 0.848
Iteration 5115       ->    train_metric = 0.945          val_metric = 0.940
Iteration 5130       ->    train_metric = 0.967          val_metric = 0.944
Iteration 5145       ->    train_metric = 0.911          val_metric = 0.925
Iteration 5160       ->    train_metric = 0.963          val_metric = 0.925
Iteration 5175       ->    train_metric = 0.969          val_metric = 0.950
Iteration 5190       ->    train_metric = 0.684          val_metric = 0.664

Epoch: 25
Iteration 5205       ->    train_metric = 0.939          val_metric = 0.883
Iteration 5220       ->    train_metric = 0.933          val_metric = 0.883
Iteration 5235       ->    train_metric = 0.943          val_metric = 0.937
Iteration 5250       ->    train_metric = 0.940          val_metric = 0.929
Iteration 5265       ->    train_metric = 0.976          val_metric = 0.929
Iteration 5280       ->    train_metric = 0.913          val_metric = 0.916
Iteration 5295       ->    train_metric = 0.932          val_metric = 0.925
Iteration 5310       ->    train_metric = 0.884          val_metric = 0.817
Iteration 5325       ->    train_metric = 0.961          val_metric = 0.938
Iteration 5340       ->    train_metric = 0.920          val_metric = 0.927
Iteration 5355       ->    train_metric = 0.956          val_metric = 0.938
Iteration 5370       ->    train_metric = 0.944          val_metric = 0.942
Iteration 5385       ->    train_metric = 0.953          val_metric = 0.936
Iteration 5400       ->    train_metric = 0.948          val_metric = 0.938

Epoch: 26
Iteration 5415       ->    train_metric = 0.970          val_metric = 0.941
Iteration 5430       ->    train_metric = 0.965          val_metric = 0.949
Iteration 5445       ->    train_metric = 0.955          val_metric = 0.931
Iteration 5460       ->    train_metric = 0.864          val_metric = 0.891
Iteration 5475       ->    train_metric = 0.944          val_metric = 0.937
Iteration 5490       ->    train_metric = 0.968          val_metric = 0.947
Iteration 5505       ->    train_metric = 0.945          val_metric = 0.918
Iteration 5520       ->    train_metric = 0.889          val_metric = 0.894
Iteration 5535       ->    train_metric = 0.877          val_metric = 0.932
Iteration 5550       ->    train_metric = 0.967          val_metric = 0.950
Iteration 5565       ->    train_metric = 0.901          val_metric = 0.886
Iteration 5580       ->    train_metric = 0.888          val_metric = 0.888
Iteration 5595       ->    train_metric = 0.971          val_metric = 0.943
Iteration 5610       ->    train_metric = 0.954          val_metric = 0.934

Epoch: 27
Iteration 5625       ->    train_metric = 0.945          val_metric = 0.932
Iteration 5640       ->    train_metric = 0.956          val_metric = 0.936
Iteration 5655       ->    train_metric = 0.963          val_metric = 0.937
Iteration 5670       ->    train_metric = 0.978          val_metric = 0.945
Iteration 5685       ->    train_metric = 0.951          val_metric = 0.937
Iteration 5700       ->    train_metric = 0.942          val_metric = 0.919
Iteration 5715       ->    train_metric = 0.967          val_metric = 0.931
Iteration 5730       ->    train_metric = 0.879          val_metric = 0.881
Iteration 5745       ->    train_metric = 0.769          val_metric = 0.839
Iteration 5760       ->    train_metric = 0.914          val_metric = 0.935
Iteration 5775       ->    train_metric = 0.949          val_metric = 0.916
Iteration 5790       ->    train_metric = 0.955          val_metric = 0.897
Iteration 5805       ->    train_metric = 0.932          val_metric = 0.939
Iteration 5820       ->    train_metric = 0.960          val_metric = 0.935

Epoch: 28
Iteration 5835       ->    train_metric = 0.956          val_metric = 0.945
Iteration 5850       ->    train_metric = 0.907          val_metric = 0.896
Iteration 5865       ->    train_metric = 0.969          val_metric = 0.936
Iteration 5880       ->    train_metric = 0.949          val_metric = 0.935
Iteration 5895       ->    train_metric = 0.963          val_metric = 0.944
Iteration 5910       ->    train_metric = 0.952          val_metric = 0.951
Iteration 5925       ->    train_metric = 0.975          val_metric = 0.940
Iteration 5940       ->    train_metric = 0.825          val_metric = 0.894
Iteration 5955       ->    train_metric = 0.795          val_metric = 0.804
Iteration 5970       ->    train_metric = 0.940          val_metric = 0.899
Iteration 5985       ->    train_metric = 0.847          val_metric = 0.819
Iteration 6000       ->    train_metric = 0.805          val_metric = 0.842
Iteration 6015       ->    train_metric = 0.974          val_metric = 0.940
Iteration 6030       ->    train_metric = 0.881          val_metric = 0.879

Epoch: 29
Iteration 6045       ->    train_metric = 0.959          val_metric = 0.919
Iteration 6060       ->    train_metric = 0.959          val_metric = 0.929
Iteration 6075       ->    train_metric = 0.961          val_metric = 0.922
Iteration 6090       ->    train_metric = 0.953          val_metric = 0.946
Iteration 6105       ->    train_metric = 0.953          val_metric = 0.938
Iteration 6120       ->    train_metric = 0.975          val_metric = 0.939
Iteration 6135       ->    train_metric = 0.903          val_metric = 0.880
Iteration 6150       ->    train_metric = 0.926          val_metric = 0.905
Iteration 6165       ->    train_metric = 0.958          val_metric = 0.919
Iteration 6180       ->    train_metric = 0.943          val_metric = 0.929
Iteration 6195       ->    train_metric = 0.942          val_metric = 0.896
Iteration 6210       ->    train_metric = 0.955          val_metric = 0.945
Iteration 6225       ->    train_metric = 0.967          val_metric = 0.936
Iteration 6240       ->    train_metric = 0.866          val_metric = 0.853

Epoch: 30
Iteration 6255       ->    train_metric = 0.949          val_metric = 0.938
Iteration 6270       ->    train_metric = 0.972          val_metric = 0.951
Iteration 6285       ->    train_metric = 0.936          val_metric = 0.901
Iteration 6300       ->    train_metric = 0.935          val_metric = 0.907
Iteration 6315       ->    train_metric = 0.924          val_metric = 0.909
Iteration 6330       ->    train_metric = 0.938          val_metric = 0.944
Iteration 6345       ->    train_metric = 0.970          val_metric = 0.923
Iteration 6360       ->    train_metric = 0.947          val_metric = 0.947
Iteration 6375       ->    train_metric = 0.928          val_metric = 0.896
Iteration 6390       ->    train_metric = 0.960          val_metric = 0.929
Iteration 6405       ->    train_metric = 0.804          val_metric = 0.877
Iteration 6420       ->    train_metric = 0.944          val_metric = 0.930
Iteration 6435       ->    train_metric = 0.966          val_metric = 0.921

Epoch: 31
Iteration 6450       ->    train_metric = 0.971          val_metric = 0.948
Iteration 6465       ->    train_metric = 0.979          val_metric = 0.931
Iteration 6480       ->    train_metric = 0.958          val_metric = 0.933
Iteration 6495       ->    train_metric = 0.948          val_metric = 0.899
Iteration 6510       ->    train_metric = 0.965          val_metric = 0.923
Iteration 6525       ->    train_metric = 0.908          val_metric = 0.835
Iteration 6540       ->    train_metric = 0.889          val_metric = 0.844
Iteration 6555       ->    train_metric = 0.984          val_metric = 0.947
Iteration 6570       ->    train_metric = 0.954          val_metric = 0.951
Iteration 6585       ->    train_metric = 0.970          val_metric = 0.904
Iteration 6600       ->    train_metric = 0.869          val_metric = 0.926
Iteration 6615       ->    train_metric = 0.954          val_metric = 0.930
Iteration 6630       ->    train_metric = 0.952          val_metric = 0.943
Iteration 6645       ->    train_metric = 0.980          val_metric = 0.930

Epoch: 32
Iteration 6660       ->    train_metric = 0.929          val_metric = 0.914
Iteration 6675       ->    train_metric = 0.938          val_metric = 0.887
Iteration 6690       ->    train_metric = 0.659          val_metric = 0.774
Iteration 6705       ->    train_metric = 0.853          val_metric = 0.794
Iteration 6720       ->    train_metric = 0.971          val_metric = 0.937
Iteration 6735       ->    train_metric = 0.973          val_metric = 0.948
Iteration 6750       ->    train_metric = 0.959          val_metric = 0.930
Iteration 6765       ->    train_metric = 0.932          val_metric = 0.921
Iteration 6780       ->    train_metric = 0.979          val_metric = 0.941
Iteration 6795       ->    train_metric = 0.956          val_metric = 0.929
Iteration 6810       ->    train_metric = 0.962          val_metric = 0.926
Iteration 6825       ->    train_metric = 0.971          val_metric = 0.932
Iteration 6840       ->    train_metric = 0.975          val_metric = 0.935
Iteration 6855       ->    train_metric = 0.906          val_metric = 0.890

Epoch: 33
Iteration 6870       ->    train_metric = 0.982          val_metric = 0.948
Iteration 6885       ->    train_metric = 0.957          val_metric = 0.941
Iteration 6900       ->    train_metric = 0.949          val_metric = 0.944
Iteration 6915       ->    train_metric = 0.962          val_metric = 0.917
Iteration 6930       ->    train_metric = 0.973          val_metric = 0.948
Iteration 6945       ->    train_metric = 0.978          val_metric = 0.928
Iteration 6960       ->    train_metric = 0.893          val_metric = 0.844
Iteration 6975       ->    train_metric = 0.915          val_metric = 0.879
Iteration 6990       ->    train_metric = 0.982          val_metric = 0.952
Iteration 7005       ->    train_metric = 0.978          val_metric = 0.923
Iteration 7020       ->    train_metric = 0.945          val_metric = 0.899
Iteration 7035       ->    train_metric = 0.975          val_metric = 0.937
Iteration 7050       ->    train_metric = 0.871          val_metric = 0.849
Iteration 7065       ->    train_metric = 0.942          val_metric = 0.919

Epoch: 34
Iteration 7080       ->    train_metric = 0.975          val_metric = 0.944
Iteration 7095       ->    train_metric = 0.970          val_metric = 0.937
Iteration 7110       ->    train_metric = 0.971          val_metric = 0.947
Iteration 7125       ->    train_metric = 0.984          val_metric = 0.923
Iteration 7140       ->    train_metric = 0.960          val_metric = 0.929
Iteration 7155       ->    train_metric = 0.966          val_metric = 0.941
Iteration 7170       ->    train_metric = 0.973          val_metric = 0.948
Iteration 7185       ->    train_metric = 0.981          val_metric = 0.929
Iteration 7200       ->    train_metric = 0.952          val_metric = 0.909
Iteration 7215       ->    train_metric = 0.966          val_metric = 0.937
Iteration 7230       ->    train_metric = 0.974          val_metric = 0.941
Iteration 7245       ->    train_metric = 0.978          val_metric = 0.923
Iteration 7260       ->    train_metric = 0.965          val_metric = 0.936
Iteration 7275       ->    train_metric = 0.976          val_metric = 0.938

Epoch: 35
Iteration 7290       ->    train_metric = 0.977          val_metric = 0.941
Iteration 7305       ->    train_metric = 0.944          val_metric = 0.902
Iteration 7320       ->    train_metric = 0.973          val_metric = 0.942
Iteration 7335       ->    train_metric = 0.980          val_metric = 0.943
Iteration 7350       ->    train_metric = 0.981          val_metric = 0.928
Iteration 7365       ->    train_metric = 0.859          val_metric = 0.861
Iteration 7380       ->    train_metric = 0.911          val_metric = 0.869
Iteration 7395       ->    train_metric = 0.921          val_metric = 0.909
Iteration 7410       ->    train_metric = 0.973          val_metric = 0.951
Iteration 7425       ->    train_metric = 0.959          val_metric = 0.916
Iteration 7440       ->    train_metric = 0.926          val_metric = 0.886
Iteration 7455       ->    train_metric = 0.833          val_metric = 0.794
Iteration 7470       ->    train_metric = 0.869          val_metric = 0.865
Iteration 7485       ->    train_metric = 0.964          val_metric = 0.923

Epoch: 36
Iteration 7500       ->    train_metric = 0.967          val_metric = 0.933
Iteration 7515       ->    train_metric = 0.965          val_metric = 0.938
Iteration 7530       ->    train_metric = 0.976          val_metric = 0.939
Iteration 7545       ->    train_metric = 0.856          val_metric = 0.841
Iteration 7560       ->    train_metric = 0.975          val_metric = 0.928
Iteration 7575       ->    train_metric = 0.911          val_metric = 0.933
Iteration 7590       ->    train_metric = 0.878          val_metric = 0.948
Iteration 7605       ->    train_metric = 0.922          val_metric = 0.888
Iteration 7620       ->    train_metric = 0.846          val_metric = 0.836
Iteration 7635       ->    train_metric = 0.780          val_metric = 0.728
Iteration 7650       ->    train_metric = 0.888          val_metric = 0.859
Iteration 7665       ->    train_metric = 0.937          val_metric = 0.931
Iteration 7680       ->    train_metric = 0.960          val_metric = 0.914
Iteration 7695       ->    train_metric = 0.981          val_metric = 0.935

Epoch: 37
Iteration 7710       ->    train_metric = 0.961          val_metric = 0.941
Iteration 7725       ->    train_metric = 0.960          val_metric = 0.939
Iteration 7740       ->    train_metric = 0.943          val_metric = 0.900
Iteration 7755       ->    train_metric = 0.922          val_metric = 0.901
Iteration 7770       ->    train_metric = 0.928          val_metric = 0.911
Iteration 7785       ->    train_metric = 0.980          val_metric = 0.936
Iteration 7800       ->    train_metric = 0.987          val_metric = 0.946
Iteration 7815       ->    train_metric = 0.968          val_metric = 0.926
Iteration 7830       ->    train_metric = 0.959          val_metric = 0.935
Iteration 7845       ->    train_metric = 0.974          val_metric = 0.934
Iteration 7860       ->    train_metric = 0.979          val_metric = 0.944
Iteration 7875       ->    train_metric = 0.988          val_metric = 0.944
Iteration 7890       ->    train_metric = 0.941          val_metric = 0.920

Epoch: 38
Iteration 7905       ->    train_metric = 0.809          val_metric = 0.781
Iteration 7920       ->    train_metric = 0.977          val_metric = 0.922
Iteration 7935       ->    train_metric = 0.971          val_metric = 0.938
Iteration 7950       ->    train_metric = 0.964          val_metric = 0.944
Iteration 7965       ->    train_metric = 0.964          val_metric = 0.926
Iteration 7980       ->    train_metric = 0.985          val_metric = 0.941
Iteration 7995       ->    train_metric = 0.974          val_metric = 0.946
Iteration 8010       ->    train_metric = 0.971          val_metric = 0.947
Iteration 8025       ->    train_metric = 0.968          val_metric = 0.933
Iteration 8040       ->    train_metric = 0.930          val_metric = 0.928
Iteration 8055       ->    train_metric = 0.944          val_metric = 0.918
Iteration 8070       ->    train_metric = 0.956          val_metric = 0.925
Iteration 8085       ->    train_metric = 0.948          val_metric = 0.892
Iteration 8100       ->    train_metric = 0.967          val_metric = 0.945

Epoch: 39
Iteration 8115       ->    train_metric = 0.974          val_metric = 0.942
Iteration 8130       ->    train_metric = 0.970          val_metric = 0.937
Iteration 8145       ->    train_metric = 0.983          val_metric = 0.938
Iteration 8160       ->    train_metric = 0.880          val_metric = 0.892
Iteration 8175       ->    train_metric = 0.977          val_metric = 0.944
Iteration 8190       ->    train_metric = 0.937          val_metric = 0.876
Iteration 8205       ->    train_metric = 0.976          val_metric = 0.937
Iteration 8220       ->    train_metric = 0.911          val_metric = 0.859
Iteration 8235       ->    train_metric = 0.976          val_metric = 0.938
Iteration 8250       ->    train_metric = 0.967          val_metric = 0.934
Iteration 8265       ->    train_metric = 0.965          val_metric = 0.929
Iteration 8280       ->    train_metric = 0.987          val_metric = 0.941
Iteration 8295       ->    train_metric = 0.982          val_metric = 0.942
Iteration 8310       ->    train_metric = 0.973          val_metric = 0.950

Epoch: 40
Iteration 8325       ->    train_metric = 0.824          val_metric = 0.911
Iteration 8340       ->    train_metric = 0.889          val_metric = 0.936
Iteration 8355       ->    train_metric = 0.972          val_metric = 0.943
Iteration 8370       ->    train_metric = 0.917          val_metric = 0.898
Iteration 8385       ->    train_metric = 0.958          val_metric = 0.911
Iteration 8400       ->    train_metric = 0.977          val_metric = 0.934
Iteration 8415       ->    train_metric = 0.940          val_metric = 0.905
Iteration 8430       ->    train_metric = 0.978          val_metric = 0.939
Iteration 8445       ->    train_metric = 0.939          val_metric = 0.921
Iteration 8460       ->    train_metric = 0.928          val_metric = 0.942
Iteration 8475       ->    train_metric = 0.879          val_metric = 0.865
Iteration 8490       ->    train_metric = 0.947          val_metric = 0.922
Iteration 8505       ->    train_metric = 0.984          val_metric = 0.941
Iteration 8520       ->    train_metric = 0.986          val_metric = 0.942

Epoch: 41
Iteration 8535       ->    train_metric = 0.969          val_metric = 0.925
Iteration 8550       ->    train_metric = 0.897          val_metric = 0.887
Iteration 8565       ->    train_metric = 0.950          val_metric = 0.910
Iteration 8580       ->    train_metric = 0.984          val_metric = 0.932
Iteration 8595       ->    train_metric = 0.986          val_metric = 0.934
Iteration 8610       ->    train_metric = 0.979          val_metric = 0.947
Iteration 8625       ->    train_metric = 0.971          val_metric = 0.935
Iteration 8640       ->    train_metric = 0.953          val_metric = 0.921
Iteration 8655       ->    train_metric = 0.965          val_metric = 0.938
Iteration 8670       ->    train_metric = 0.988          val_metric = 0.951
Iteration 8685       ->    train_metric = 0.978          val_metric = 0.937
Iteration 8700       ->    train_metric = 0.953          val_metric = 0.924
Iteration 8715       ->    train_metric = 0.984          val_metric = 0.936
Iteration 8730       ->    train_metric = 0.965          val_metric = 0.952

Epoch: 42
Iteration 8745       ->    train_metric = 0.948          val_metric = 0.907
Iteration 8760       ->    train_metric = 0.972          val_metric = 0.926
Iteration 8775       ->    train_metric = 0.905          val_metric = 0.883
Iteration 8790       ->    train_metric = 0.909          val_metric = 0.871
Iteration 8805       ->    train_metric = 0.950          val_metric = 0.914
Iteration 8820       ->    train_metric = 0.969          val_metric = 0.938
Iteration 8835       ->    train_metric = 0.975          val_metric = 0.932
Iteration 8850       ->    train_metric = 0.980          val_metric = 0.952
Iteration 8865       ->    train_metric = 0.973          val_metric = 0.925
Iteration 8880       ->    train_metric = 0.990          val_metric = 0.938
Iteration 8895       ->    train_metric = 0.978          val_metric = 0.934
Iteration 8910       ->    train_metric = 0.948          val_metric = 0.953
Iteration 8925       ->    train_metric = 0.974          val_metric = 0.938
Iteration 8940       ->    train_metric = 0.986          val_metric = 0.939

Epoch: 43
Iteration 8955       ->    train_metric = 0.916          val_metric = 0.946
Iteration 8970       ->    train_metric = 0.982          val_metric = 0.937
Iteration 8985       ->    train_metric = 0.967          val_metric = 0.922
Iteration 9000       ->    train_metric = 0.962          val_metric = 0.914
Iteration 9015       ->    train_metric = 0.960          val_metric = 0.945
Iteration 9030       ->    train_metric = 0.982          val_metric = 0.948
Iteration 9045       ->    train_metric = 0.970          val_metric = 0.934
Iteration 9060       ->    train_metric = 0.979          val_metric = 0.941
Iteration 9075       ->    train_metric = 0.949          val_metric = 0.903
Iteration 9090       ->    train_metric = 0.971          val_metric = 0.939
Iteration 9105       ->    train_metric = 0.979          val_metric = 0.938
Iteration 9120       ->    train_metric = 0.977          val_metric = 0.946
Iteration 9135       ->    train_metric = 0.983          val_metric = 0.945
Iteration 9150       ->    train_metric = 0.979          val_metric = 0.948

Epoch: 44
Iteration 9165       ->    train_metric = 0.951          val_metric = 0.927
Iteration 9180       ->    train_metric = 0.970          val_metric = 0.943
Iteration 9195       ->    train_metric = 0.961          val_metric = 0.936
Iteration 9210       ->    train_metric = 0.974          val_metric = 0.946
Iteration 9225       ->    train_metric = 0.940          val_metric = 0.919
Iteration 9240       ->    train_metric = 0.965          val_metric = 0.936
Iteration 9255       ->    train_metric = 0.952          val_metric = 0.903
Iteration 9270       ->    train_metric = 0.980          val_metric = 0.949
Iteration 9285       ->    train_metric = 0.982          val_metric = 0.938
Iteration 9300       ->    train_metric = 0.939          val_metric = 0.905
Iteration 9315       ->    train_metric = 0.986          val_metric = 0.938
Iteration 9330       ->    train_metric = 0.963          val_metric = 0.924
Iteration 9345       ->    train_metric = 0.966          val_metric = 0.930
Iteration 9360       ->    train_metric = 0.987          val_metric = 0.947

Epoch: 45
Iteration 9375       ->    train_metric = 0.982          val_metric = 0.931
Iteration 9390       ->    train_metric = 0.971          val_metric = 0.930
Iteration 9405       ->    train_metric = 0.970          val_metric = 0.938
Iteration 9420       ->    train_metric = 0.978          val_metric = 0.941
Iteration 9435       ->    train_metric = 0.985          val_metric = 0.946
Iteration 9450       ->    train_metric = 0.977          val_metric = 0.952
Iteration 9465       ->    train_metric = 0.986          val_metric = 0.943
Iteration 9480       ->    train_metric = 0.972          val_metric = 0.934
Iteration 9495       ->    train_metric = 0.859          val_metric = 0.799
Iteration 9510       ->    train_metric = 0.939          val_metric = 0.916
Iteration 9525       ->    train_metric = 0.967          val_metric = 0.933
Iteration 9540       ->    train_metric = 0.967          val_metric = 0.940
Iteration 9555       ->    train_metric = 0.948          val_metric = 0.900

Epoch: 46
Iteration 9570       ->    train_metric = 0.985          val_metric = 0.943
Iteration 9585       ->    train_metric = 0.847          val_metric = 0.802
Iteration 9600       ->    train_metric = 0.934          val_metric = 0.899
Iteration 9615       ->    train_metric = 0.978          val_metric = 0.942
Iteration 9630       ->    train_metric = 0.987          val_metric = 0.948
Iteration 9645       ->    train_metric = 0.967          val_metric = 0.930
Iteration 9660       ->    train_metric = 0.942          val_metric = 0.923
Iteration 9675       ->    train_metric = 0.989          val_metric = 0.947
Iteration 9690       ->    train_metric = 0.980          val_metric = 0.951
Iteration 9705       ->    train_metric = 0.946          val_metric = 0.918
Iteration 9720       ->    train_metric = 0.969          val_metric = 0.936
Iteration 9735       ->    train_metric = 0.972          val_metric = 0.935
Iteration 9750       ->    train_metric = 0.981          val_metric = 0.949
Iteration 9765       ->    train_metric = 0.958          val_metric = 0.921

Epoch: 47
Iteration 9780       ->    train_metric = 0.958          val_metric = 0.930
Iteration 9795       ->    train_metric = 0.961          val_metric = 0.896
Iteration 9810       ->    train_metric = 0.965          val_metric = 0.901
Iteration 9825       ->    train_metric = 0.985          val_metric = 0.939
Iteration 9840       ->    train_metric = 0.966          val_metric = 0.931
Iteration 9855       ->    train_metric = 0.973          val_metric = 0.912
Iteration 9870       ->    train_metric = 0.989          val_metric = 0.940
Iteration 9885       ->    train_metric = 0.968          val_metric = 0.937
Iteration 9900       ->    train_metric = 0.990          val_metric = 0.948
Iteration 9915       ->    train_metric = 0.940          val_metric = 0.937
Iteration 9930       ->    train_metric = 0.962          val_metric = 0.949
Iteration 9945       ->    train_metric = 0.975          val_metric = 0.936
Iteration 9960       ->    train_metric = 0.902          val_metric = 0.914
Iteration 9975       ->    train_metric = 0.947          val_metric = 0.871

Epoch: 48
Iteration 9990       ->    train_metric = 0.980          val_metric = 0.940
Iteration 10005      ->    train_metric = 0.975          val_metric = 0.926
Iteration 10020      ->    train_metric = 0.969          val_metric = 0.937
Iteration 10035      ->    train_metric = 0.978          val_metric = 0.947
Iteration 10050      ->    train_metric = 0.953          val_metric = 0.908
Iteration 10065      ->    train_metric = 0.950          val_metric = 0.908
Iteration 10080      ->    train_metric = 0.968          val_metric = 0.920
Iteration 10095      ->    train_metric = 0.905          val_metric = 0.889
Iteration 10110      ->    train_metric = 0.940          val_metric = 0.900
Iteration 10125      ->    train_metric = 0.984          val_metric = 0.933
Iteration 10140      ->    train_metric = 0.960          val_metric = 0.951
Iteration 10155      ->    train_metric = 0.942          val_metric = 0.934
Iteration 10170      ->    train_metric = 0.945          val_metric = 0.942
Iteration 10185      ->    train_metric = 0.977          val_metric = 0.934

Epoch: 49
Iteration 10200      ->    train_metric = 0.969          val_metric = 0.931
Iteration 10215      ->    train_metric = 0.989          val_metric = 0.945
Iteration 10230      ->    train_metric = 0.948          val_metric = 0.916
Iteration 10245      ->    train_metric = 0.991          val_metric = 0.937
Iteration 10260      ->    train_metric = 0.909          val_metric = 0.943
Iteration 10275      ->    train_metric = 0.955          val_metric = 0.917
Iteration 10290      ->    train_metric = 0.955          val_metric = 0.902
Iteration 10305      ->    train_metric = 0.983          val_metric = 0.934
Iteration 10320      ->    train_metric = 0.966          val_metric = 0.927
Iteration 10335      ->    train_metric = 0.982          val_metric = 0.940
Iteration 10350      ->    train_metric = 0.972          val_metric = 0.938
Iteration 10365      ->    train_metric = 0.982          val_metric = 0.932
Iteration 10380      ->    train_metric = 0.946          val_metric = 0.918
Iteration 10395      ->    train_metric = 0.990          val_metric = 0.940

Training finished!
R^2: 0.9360169430468074
MSE: 145.00908947620874
Model and optimizer state dicts saved to RetNet_state_dict4.pt and RetNet_optimizer_state_dict4.pt.
